#
# A fatal error has been detected by the Java Runtime Environment:
#
#  SIGILL (0x4) at pc=0x00007fb437894074, pid=82650, tid=0x00007fb437e20040
#
# JRE version: Java(TM) SE Runtime Environment (8.0_191-b12) (build 1.8.0_191-b12)
# Java VM: Java HotSpot(TM) 64-Bit Server VM (25.191-b12 mixed mode linux-amd64 compressed oops)
# Problematic frame:
# C  [libc.so.6+0x94074]
#
# Failed to write core dump. Core dumps have been disabled. To enable core dumping, try "ulimit -c unlimited" before starting Java again
#
# If you would like to submit a bug report, please visit:
#   http://bugreport.java.com/bugreport/crash.jsp
#

---------------  T H R E A D  ---------------

Current thread is native thread

siginfo: si_signo: 4 (SIGILL), si_code: 0 (SI_USER), sent from pid: 83412 (uid: 1000)

Registers:
RAX=0x00000000000000ca, RBX=0x00007fb437b146c0, RCX=0x00007fb437894076, RDX=0x00000000000142db
RSP=0x00007fff31b83530, RBP=0x0000000000000000, RSI=0x0000000000000109, RDI=0x00007fb437b14990
R8 =0x0000000000000000, R9 =0x00000000ffffffff, R10=0x0000000000000000, R11=0x0000000000000246
R12=0x00000000000142db, R13=0x00007fff31b835f8, R14=0x00007fb437b14990, R15=0x00007fff31b83580
RIP=0x00007fb437894074, EFLAGS=0x0000000000000246, CSGSFS=0x002b000000000033, ERR=0x0000000000000000
  TRAPNO=0x0000000000000000

Top of Stack: (sp=0x00007fff31b83530)
0x00007fff31b83530:   00007fff31b83658 0000010931b837a0
0x00007fff31b83540:   00007fb437b14990 0000000000000000
0x00007fff31b83550:   00007fb437b146c0 0000000000000000
0x00007fff31b83560:   0000000000000000 00007fb437899613
0x00007fff31b83570:   0000000000000000 0000000000000000
0x00007fff31b83580:   00007fb4378994c0 00007fb437b14ce0
0x00007fff31b83590:   3035363238000000 0000000000000000
0x00007fff31b835a0:   0000000000000000 1eeb56dfaf024100
0x00007fff31b835b0:   00007fff31b83710 00007fff31b83600
0x00007fff31b835c0:   00007fff31b83660 00007fb437c07df0
0x00007fff31b835d0:   00007fff31b83680 0000000000100000
0x00007fff31b835e0:   0000000000000006 00007fb437c0d685
0x00007fff31b835f0:   00007fb437b146c0 0000000000000000
0x00007fff31b83600:   0000000000000000 0000000000000000
0x00007fff31b83610:   0000000000001000 0000000000000000
0x00007fff31b83620:   0000000000100000 0000000000000000
0x00007fff31b83630:   0000000000000000 00007fb437845e80
0x00007fff31b83640:   0000000000000000 00007fff31b837a0
0x00007fff31b83650:   00007fff31b83680 0000000001206538
0x00007fff31b83660:   00007fff31b83700 00007fb437c09ba2
0x00007fff31b83670:   00007fff31b8995d 0000000500000001
0x00007fff31b83680:   0000000000000005 0000000001206538
0x00007fff31b83690:   0000000000000001 00007fff31b8995d
0x00007fff31b836a0:   00007fb436ed49b0 00007fb436ed4520
0x00007fff31b836b0:   00007fb436ed4570 0000000000000000
0x00007fff31b836c0:   0000000000000000 0000000000000000
0x00007fff31b836d0:   0000000000000000 0000000000000000
0x00007fff31b836e0:   00007fff31b8995d 0000000000000005
0x00007fff31b836f0:   0000000000000000 0000000001206530
0x00007fff31b83700:   00007fff31b87810 00007fb437c0a29b
0x00007fff31b83710:   0000000000000000 00007fb437c0a26b
0x00007fff31b83720:   0000000000000000 00007fff31b87988 

Instructions: (pc=0x00007fb437894074)
0x00007fb437894054:   8b 54 24 18 45 31 c0 44 89 e2 89 c5 8b 74 24 0c
0x00007fb437894064:   48 8b 7c 24 10 41 b9 ff ff ff ff b8 ca 00 00 00
0x00007fb437894074:   0f 05 89 ef 48 89 c3 e8 70 f8 ff ff e9 5c ff ff
0x00007fb437894084:   ff 0f 1f 00 48 83 39 00 0f 89 16 ff ff ff b8 6e 

Register to memory mapping:

RAX=0x00000000000000ca is an unknown value
RBX=0x00007fb437b146c0 is pointing into the stack for thread: 0x00007fb43000b800
RCX=0x00007fb437894076: <offset 0x94076> in /lib/x86_64-linux-gnu/libc.so.6 at 0x00007fb437800000
RDX=0x00000000000142db is an unknown value
RSP=0x00007fff31b83530 is an unknown value
RBP=0x0000000000000000 is an unknown value
RSI=0x0000000000000109 is an unknown value
RDI=0x00007fb437b14990 is pointing into the stack for thread: 0x00007fb43000b800
R8 =0x0000000000000000 is an unknown value
R9 =0x00000000ffffffff is an unknown value
R10=0x0000000000000000 is an unknown value
R11=0x0000000000000246 is an unknown value
R12=0x00000000000142db is an unknown value
R13=0x00007fff31b835f8 is an unknown value
R14=0x00007fb437b14990 is pointing into the stack for thread: 0x00007fb43000b800
R15=0x00007fff31b83580 is an unknown value


Stack: [0x00007fff31a8c000,0x00007fff31b8c000],  sp=0x00007fff31b83530,  free space=989k
Native frames: (J=compiled Java code, j=interpreted, Vv=VM code, C=native code)
C  [libc.so.6+0x94074]
